<?xml version="1.0" encoding="UTF-8"?>
<!-- Generated by org.testng.reporters.JUnitReportReporter -->
<testsuite hostname="DESKTOP-D6E6O6F" name="com.freecrm.testcases.LoginpageTest" tests="1" failures="0" timestamp="12 Apr 2020 14:39:10 GMT" time="227.267" errors="0">
  <testcase name="titleTest" time="227.267" classname="com.freecrm.testcases.LoginpageTest"/>
</testsuite> <!-- com.freecrm.testcases.LoginpageTest -->
