<?xml version="1.0" encoding="UTF-8"?>
<!-- Generated by org.testng.reporters.JUnitReportReporter -->
<testsuite hostname="DESKTOP-D6E6O6F" name="com.freecrm.testcases.Example" tests="1" failures="0" timestamp="13 Apr 2020 17:53:09 GMT" time="0.027" errors="0">
  <testcase name="print" time="0.027" classname="com.freecrm.testcases.Example"/>
</testsuite> <!-- com.freecrm.testcases.Example -->
